<?xml version="1.0" encoding="UTF-8"?>
<testng-results ignored="0" total="3" passed="3" failed="0" skipped="0">
  <reporter-output>
  </reporter-output>
  <suite started-at="2023-05-19T16:54:42 CEST" name="Default suite" finished-at="2023-05-19T16:54:42 CEST" duration-ms="70">
    <groups>
    </groups>
    <test started-at="2023-05-19T16:54:42 CEST" name="Default test" finished-at="2023-05-19T16:54:42 CEST" duration-ms="70">
      <class name="Testng.Smartloan">
        <test-method signature="Smartloanbyweb()[pri:0, instance:Testng.Smartloan@2525ff7e]" started-at="2023-05-19T16:54:42 CEST" name="Smartloanbyweb" finished-at="2023-05-19T16:54:42 CEST" duration-ms="13" status="PASS">
          <reporter-output>
          </reporter-output>
        </test-method> <!-- Smartloanbyweb -->
        <test-method signature="Smartloanbyapp()[pri:1, instance:Testng.Smartloan@2525ff7e]" started-at="2023-05-19T16:54:42 CEST" name="Smartloanbyapp" finished-at="2023-05-19T16:54:42 CEST" duration-ms="1" status="PASS">
          <reporter-output>
          </reporter-output>
        </test-method> <!-- Smartloanbyapp -->
        <test-method signature="SmartloanbyBranch()[pri:2, instance:Testng.Smartloan@2525ff7e]" started-at="2023-05-19T16:54:42 CEST" name="SmartloanbyBranch" finished-at="2023-05-19T16:54:42 CEST" duration-ms="0" status="PASS">
          <reporter-output>
          </reporter-output>
        </test-method> <!-- SmartloanbyBranch -->
      </class> <!-- Testng.Smartloan -->
    </test> <!-- Default test -->
  </suite> <!-- Default suite -->
</testng-results>
