<?xml version="1.0" encoding="UTF-8"?>
<!-- Generated by org.testng.reporters.JUnitXMLReporter -->
<testsuite ignored="0" hostname="LAPTOP-G2HQ2MCH" failures="0" tests="6" name="CarLoan" time="0.01" errors="0" timestamp="2023-05-19T16:45:48 CEST">
  <testcase classname="Testng.Carloan" name="Carloanbyapp" time="0.001"/>
  <testcase classname="Testng.Carloan" name="Carloanbybranch" time="0.0"/>
  <testcase classname="Testng.Carloan" name="Carloanbyweb" time="0.001"/>
  <testcase classname="Testng.PersonalLoan" name="PersonalloanbyBranch" time="0.001"/>
  <testcase classname="Testng.PersonalLoan" name="Personalloanbyapp" time="0.0"/>
  <testcase classname="Testng.PersonalLoan" name="Personalloanbyweb" time="0.001"/>
</testsuite> <!-- CarLoan -->
