<?xml version="1.0" encoding="UTF-8"?>
<!-- Generated by org.testng.reporters.JUnitXMLReporter -->
<testsuite ignored="0" hostname="LAPTOP-G2HQ2MCH" failures="0" tests="6" name="Test" time="0.064" errors="0" timestamp="2023-05-19T16:45:48 CEST">
  <testcase classname="Testng.Smartloan" name="Smartloanbyweb" time="0.011"/>
  <testcase classname="Testng.Smartloan" name="Smartloanbyapp" time="0.001"/>
  <testcase classname="Testng.Smartloan" name="SmartloanbyBranch" time="0.0"/>
  <testcase classname="Testng.HolidaysLoan" name="CarloanbyBranch" time="0.003"/>
  <testcase classname="Testng.HolidaysLoan" name="Holidaysloanbyapp" time="0.001"/>
  <testcase classname="Testng.HolidaysLoan" name="Holidaysloanbyweb" time="0.0"/>
</testsuite> <!-- Test -->
