<?xml version="1.0" encoding="UTF-8"?>
<!-- Generated by org.testng.reporters.JUnitXMLReporter -->
<testsuite ignored="0" hostname="LAPTOP-G2HQ2MCH" failures="0" tests="3" name="Test" time="0.06" errors="0" timestamp="2023-05-19T16:53:29 CEST">
  <testcase classname="Testng.Smartloan" name="Smartloanbyweb" time="0.012"/>
  <testcase classname="Testng.Smartloan" name="Smartloanbyapp" time="0.001"/>
  <testcase classname="Testng.Smartloan" name="SmartloanbyBranch" time="0.001"/>
</testsuite> <!-- Test -->
