<?xml version="1.0" encoding="UTF-8"?>
<!-- Generated by org.testng.reporters.JUnitXMLReporter -->
<testsuite ignored="10" hostname="LAPTOP-G2HQ2MCH" failures="0" tests="7" name="Test" time="0.059" errors="0" timestamp="2023-05-19T16:23:48 CEST">
  <testcase classname="Testng.Carloan" name="Carloanbyapp" time="0.007"/>
  <testcase classname="Testng.Carloan" name="Carloanbybranch" time="0.001"/>
  <testcase classname="Testng.PersonalLoan" name="Personalloanbyapp" time="0.0"/>
  <testcase classname="Testng.HomeLoan" name="Homeloanbyapp" time="0.001"/>
  <testcase classname="Testng.HomeLoan" name="Homeloanbyweb" time="0.001"/>
  <testcase classname="Testng.BasicFrameTest" name="testcase1" time="0.001"/>
  <testcase classname="Testng.HolidaysLoan" name="Holidaysloanbyapp" time="0.001"/>
  <testcase classname="Testng.HomeLoan" name="HomeloanbyBranch" time="0.0">
    <ignored/>
  </testcase> <!-- HomeloanbyBranch -->
  <testcase classname="Testng.Smartloan" name="Smartloanbyweb" time="0.0">
    <ignored/>
  </testcase> <!-- Smartloanbyweb -->
  <testcase classname="Testng.HolidaysLoan" name="CarloanbyBranch" time="0.0">
    <ignored/>
  </testcase> <!-- CarloanbyBranch -->
  <testcase classname="Testng.Smartloan" name="SmartloanbyBranch" time="0.0">
    <ignored/>
  </testcase> <!-- SmartloanbyBranch -->
  <testcase classname="Testng.PersonalLoan" name="Personalloanbyweb" time="0.0">
    <ignored/>
  </testcase> <!-- Personalloanbyweb -->
  <testcase classname="Testng.Smartloan" name="Smartloanbyapp" time="0.0">
    <ignored/>
  </testcase> <!-- Smartloanbyapp -->
  <testcase classname="Testng.BasicFrameTest" name="testcase2" time="0.0">
    <ignored/>
  </testcase> <!-- testcase2 -->
  <testcase classname="Testng.HolidaysLoan" name="Holidaysloanbyweb" time="0.0">
    <ignored/>
  </testcase> <!-- Holidaysloanbyweb -->
  <testcase classname="Testng.PersonalLoan" name="PersonalloanbyBranch" time="0.0">
    <ignored/>
  </testcase> <!-- PersonalloanbyBranch -->
  <testcase classname="Testng.Carloan" name="Carloanbyweb" time="0.0">
    <ignored/>
  </testcase> <!-- Carloanbyweb -->
</testsuite> <!-- Test -->
